<?xml version="1.0" encoding="UTF-8"?>
<!-- Generated by org.testng.reporters.JUnitReportReporter -->
<testsuite hostname="LAPTOP-2OESOLRI" name="com.inetBanking.testCase.TC_LoginDDT_002" tests="5" failures="0" timestamp="6 May 2021 02:38:09 GMT" time="46.126" errors="0">
  <testcase name="loginDDT" time="10.717" classname="com.inetBanking.testCase.TC_LoginDDT_002"/>
  <testcase name="loginDDT" time="5.444" classname="com.inetBanking.testCase.TC_LoginDDT_002"/>
  <testcase name="loginDDT" time="9.982" classname="com.inetBanking.testCase.TC_LoginDDT_002"/>
  <testcase name="loginDDT" time="10.079" classname="com.inetBanking.testCase.TC_LoginDDT_002"/>
  <testcase name="loginDDT" time="9.904" classname="com.inetBanking.testCase.TC_LoginDDT_002"/>
</testsuite> <!-- com.inetBanking.testCase.TC_LoginDDT_002 -->
