<?xml version="1.0" encoding="UTF-8"?>
<!-- Generated by org.testng.reporters.JUnitReportReporter -->
<testsuite hostname="LAPTOP-2OESOLRI" name="com.inetBanking.testCase.TC_AddCustomerTest_003" tests="1" failures="0" timestamp="3 May 2021 05:35:24 GMT" time="16.052" errors="0">
  <testcase name="addNewCustomer" time="16.052" classname="com.inetBanking.testCase.TC_AddCustomerTest_003"/>
</testsuite> <!-- com.inetBanking.testCase.TC_AddCustomerTest_003 -->
