<?xml version="1.0" encoding="UTF-8"?>
<!-- Generated by org.testng.reporters.JUnitReportReporter -->
<testsuite hostname="LAPTOP-2OESOLRI" name="com.inetBanking.testCase.TC_LoginDDT_002" tests="5" failures="0" timestamp="26 Jun 2021 12:06:00 GMT" time="24.932" errors="0">
  <testcase name="loginDDT" time="5.484" classname="com.inetBanking.testCase.TC_LoginDDT_002"/>
  <testcase name="loginDDT" time="4.945" classname="com.inetBanking.testCase.TC_LoginDDT_002"/>
  <testcase name="loginDDT" time="4.911" classname="com.inetBanking.testCase.TC_LoginDDT_002"/>
  <testcase name="loginDDT" time="4.896" classname="com.inetBanking.testCase.TC_LoginDDT_002"/>
  <testcase name="loginDDT" time="4.696" classname="com.inetBanking.testCase.TC_LoginDDT_002"/>
</testsuite> <!-- com.inetBanking.testCase.TC_LoginDDT_002 -->
