<?xml version="1.0" encoding="UTF-8"?>
<!-- Generated by org.testng.reporters.JUnitReportReporter -->
<testsuite hostname="LAPTOP-2OESOLRI" name="com.inetBanking.testCase.TC_AddCustomerTest_003" tests="1" failures="0" timestamp="4 May 2021 02:47:23 GMT" time="11.603" errors="0">
  <testcase name="addNewCustomer" time="11.603" classname="com.inetBanking.testCase.TC_AddCustomerTest_003"/>
</testsuite> <!-- com.inetBanking.testCase.TC_AddCustomerTest_003 -->
