<?xml version="1.0" encoding="UTF-8"?>
<!-- Generated by org.testng.reporters.JUnitReportReporter -->
<testsuite hostname="LAPTOP-2OESOLRI" name="com.inetBanking.testCase.TC_LoginTest_001" tests="1" failures="0" timestamp="4 May 2021 04:10:14 GMT" time="2.924" errors="0">
  <testcase name="loginTest" time="2.924" classname="com.inetBanking.testCase.TC_LoginTest_001"/>
</testsuite> <!-- com.inetBanking.testCase.TC_LoginTest_001 -->
